Name: Loren, ID: 251742769, age: 90.500000 
Name: Danielle, ID: 174261746, age: 2.200000 
Name: Lenard, ID: 841460049, age: 11.700000 
Name: Eric, ID: 585066605, age: 94.199997 
Name: Loren, ID: 365872907, age: 109.599998 
Name: Harry, ID: 341650119, age: 102.500000 
Name: Amanda, ID: 991756200, age: 12.300000 
Name: Iris, ID: 400750716, age: 68.199997 
Name: David, ID: 963470896, age: 34.299999 
Name: Howard, ID: 983760839, age: 82.300003 
Name: Nicholas, ID: 183927886, age: 41.599998 
Name: Beverly, ID: 912353880, age: 12.600000 
Name: Stephanie, ID: 204288766, age: 32.599998 
Name: Billie, ID: 958008001, age: 10.600000 
Name: Rebecca, ID: 519850295, age: 37.700001 
Name: Christopher, ID: 605195464, age: 38.400002 
Name: Felicia, ID: 388660261, age: 63.599998 
Name: Teresa, ID: 773165314, age: 40.200001 
Name: Richard, ID: 504927486, age: 8.100000 
Name: Rebecca, ID: 716273253, age: 91.400002 
