Hospitalization Required: vdvvyuzd 590822.
Hospitalization Required: zlaercmx 750570.
Hospitalization Required: ptoocbrn 995545.
Hospitalization Required: ftourbvd 447969.
Hospitalization Required: houbwsxc 876548.
Hospitalization Required: hgsugheh 785952.
14-days-Quarantine Required: tisdhjjf 796392.
14-days-Quarantine Required: rxawnjhx 359577.
14-days-Quarantine Required: aszriycc 472126.
14-days-Quarantine Required: bvspjgcv 969819.
14-days-Quarantine Required: zhqunfno 370005.
14-days-Quarantine Required: hfcvnnpw 104115.
14-days-Quarantine Required: gnmunwog 746693.
14-days-Quarantine Required: fxblipfr 567325.
14-days-Quarantine Required: uhmicacd 406420.
14-days-Quarantine Required: jnoznpla 126625.
14-days-Quarantine Required: lkbwwzgb 190210.
14-days-Quarantine Required: hsjipihl 926833.
14-days-Quarantine Required: thsfdnlc 191905.
No serious chance for infection: gxoppiyr 290883.
No serious chance for infection: hwtplrtv 738406.
No serious chance for infection: znmomeiu 564727.
No serious chance for infection: ydynzshe 930019.
No serious chance for infection: cccigior 775081.
No serious chance for infection: rladtnkm 440545.
No serious chance for infection: mekipxsx 887107.
No serious chance for infection: bkwdwufu 650874.
No serious chance for infection: qkbhwkvj 342201.
No serious chance for infection: isvefueo 157506.
No serious chance for infection: yiylxfnb 677587.
No serious chance for infection: qgidlimg 852581.
No serious chance for infection: dkkrjufh 821533.
No serious chance for infection: lmsfcfvl 417335.
No serious chance for infection: mxcirjlc 316385.
No serious chance for infection: zoousthr 975870.
No serious chance for infection: widrwuod 982608.
No serious chance for infection: rmtvqnef 115198.
No serious chance for infection: mmogmmcl 779519.
No serious chance for infection: aixhvbzf 359139.
No serious chance for infection: egczcikp 721425.
No serious chance for infection: diugugtu 859096.
No serious chance for infection: atxqaznu 658403.
No serious chance for infection: ydkejmde 517429.
No serious chance for infection: kzwzwxuy 147895.
No serious chance for infection: cjogdmuh 248117.
No serious chance for infection: qcawrtkx 729564.
No serious chance for infection: fiioazhx 653427.
No serious chance for infection: iebydhqf 801746.
No serious chance for infection: awzlromt 950927.
No serious chance for infection: izxsnukv 767016.
No serious chance for infection: shwkhwxr 374642.
No serious chance for infection: fbawmkup 754758.
No serious chance for infection: bxzxfycb 757719.
No serious chance for infection: ytwnfpkk 768834.
No serious chance for infection: lztbnkrg 771455.
No serious chance for infection: wnlrgbon 156976.
No serious chance for infection: tigfcgcf 822289.
No serious chance for infection: mzsjxlbe 850306.
No serious chance for infection: ghonvvjc 851899.
No serious chance for infection: xcwmxjna 857758.
No serious chance for infection: qpfgioom 864452.
No serious chance for infection: hozzhaif 865628.
No serious chance for infection: abvafinf 877887.
No serious chance for infection: xcebjjhm 912031.
No serious chance for infection: fbjbviwm 128160.
No serious chance for infection: mbozgkyn 950233.
No serious chance for infection: fymypgma 974034.
No serious chance for infection: vwdtshsi 293705.
No serious chance for infection: wmmhdthq 105381.
No serious chance for infection: smadlyxp 295721.
No serious chance for infection: xadridoe 325785.
No serious chance for infection: tukgitas 331217.
No serious chance for infection: ncvphyan 332119.
No serious chance for infection: ciwdrqkn 340741.
No serious chance for infection: bienylvo 283026.
No serious chance for infection: ccgkkbsi 402090.
No serious chance for infection: njdymbbr 256681.
No serious chance for infection: umeqrpzh 416753.
No serious chance for infection: iqnyqpjq 418664.
No serious chance for infection: edeygykm 432156.
No serious chance for infection: krmotuma 433818.
No serious chance for infection: nkxqecdx 216000.
No serious chance for infection: peizgkie 488941.
No serious chance for infection: lnuqmlvh 490854.
No serious chance for infection: raybtpjo 494481.
No serious chance for infection: emdldmom 520145.
No serious chance for infection: vmnyvdix 530489.
No serious chance for infection: nbkzpndx 543004.
No serious chance for infection: wuatevqg 200906.
No serious chance for infection: tlkglcph 573192.
No serious chance for infection: wfuqsmgl 188170.
No serious chance for infection: fnqnyhtx 651632.
No serious chance for infection: puqomjmv 667789.
No serious chance for infection: bfnzhwyh 675240.
No serious chance for infection: epbtlrus 689910.
No serious chance for infection: wlnfjmlb 694484.
No serious chance for infection: cywxbgvl 720548.
No serious chance for infection: ezyeywcq 725739.
No serious chance for infection: xxttqmjm 169134.
No serious chance for infection: awpzuskt 162138.
