Hospitalization Required: xmqgjxxx 210948.
Hospitalization Required: swfzkgts 157794.
14-days-Quarantine Required: uurrhqdr 226729.
14-days-Quarantine Required: duatwtax 755937.
14-days-Quarantine Required: pxykyglz 410956.
14-days-Quarantine Required: uezrixqv 724066.
14-days-Quarantine Required: wredxrhq 800156.
14-days-Quarantine Required: vulbwvqo 828302.
14-days-Quarantine Required: njwxtzbx 160422.
14-days-Quarantine Required: xgglzjdy 992941.
No serious chance for infection: aewewmkn 412149.
No serious chance for infection: skhmhksz 412625.
No serious chance for infection: ccuahycl 392757.
No serious chance for infection: drczvjxi 361611.
No serious chance for infection: dtuolzji 820253.
No serious chance for infection: hnbeuqau 820513.
No serious chance for infection: jaxszgkb 956659.
No serious chance for infection: dmfcgagy 307419.
No serious chance for infection: pfrqeqpj 893720.
No serious chance for infection: cfuakefa 166184.
No serious chance for infection: rqbqaumx 488650.
No serious chance for infection: jdwpstgj 151389.
No serious chance for infection: gddflcpm 895093.
No serious chance for infection: krzzmuji 422765.
No serious chance for infection: ngfwnsga 336177.
No serious chance for infection: vbhemvew 315644.
No serious chance for infection: yjwxyijh 192454.
No serious chance for infection: nuieuqyk 526005.
No serious chance for infection: sswxmnlg 939868.
No serious chance for infection: imdskjpi 845348.
No serious chance for infection: icqvjhvy 723796.
No serious chance for infection: sqjewewq 505376.
No serious chance for infection: iybjyghu 341569.
No serious chance for infection: wzdrypjg 676693.
No serious chance for infection: zsppfyvq 518118.
No serious chance for infection: hgzmsyjl 329440.
No serious chance for infection: lotnujdp 707976.
No serious chance for infection: xfoqwyms 435773.
No serious chance for infection: ekuykffw 273942.
No serious chance for infection: xxjyutpz 170100.
No serious chance for infection: dhszlxgz 340647.
No serious chance for infection: hgxdvond 301416.
No serious chance for infection: buufbtws 863299.
No serious chance for infection: psnnbutx 356016.
No serious chance for infection: gzylzunn 674554.
No serious chance for infection: liwjwdef 116034.
No serious chance for infection: mahhjukc 904285.
No serious chance for infection: ffrkepsb 967048.
No serious chance for infection: smctfeyx 861535.
No serious chance for infection: dnixkuus 828002.
No serious chance for infection: sulwonfs 249397.
No serious chance for infection: fsrloldz 874555.
No serious chance for infection: zuuqkpdx 129700.
No serious chance for infection: rpmwxjbp 149053.
No serious chance for infection: swrwazjx 163620.
No serious chance for infection: nhlmprcx 194841.
No serious chance for infection: bhuqbjlp 195309.
No serious chance for infection: bwxvfkva 196305.
No serious chance for infection: utoewqfc 207410.
No serious chance for infection: ueaqdtjo 217910.
No serious chance for infection: qehjkifl 244003.
No serious chance for infection: okgavgwn 244385.
No serious chance for infection: jmiyudoe 250843.
No serious chance for infection: ejlmeoip 251498.
No serious chance for infection: ziuqmytc 287418.
No serious chance for infection: haohroxz 303621.
No serious chance for infection: txrbjivn 309081.
No serious chance for infection: fsgbmrpe 321013.
No serious chance for infection: rufiytlk 346546.
No serious chance for infection: ojjvyzoj 347294.
No serious chance for infection: rjfbgbqd 369996.
No serious chance for infection: mnkwnzvz 408519.
No serious chance for infection: jzrtozwm 464950.
No serious chance for infection: aenqhhma 517545.
No serious chance for infection: huhfwwak 533352.
No serious chance for infection: xhtybyol 556252.
No serious chance for infection: shlcozkw 563705.
No serious chance for infection: fbazmayt 577727.
No serious chance for infection: qkudzfka 630400.
No serious chance for infection: cqfhijyc 637231.
No serious chance for infection: kewbapyi 658755.
No serious chance for infection: ezbzqdpq 667116.
No serious chance for infection: vamoiovb 679801.
No serious chance for infection: oxdeecqp 706122.
No serious chance for infection: qxnkppfr 709574.
No serious chance for infection: yiwwvnik 734901.
No serious chance for infection: ykvzpwzu 780562.
No serious chance for infection: lhlrseoh 783858.
No serious chance for infection: iluxpxtv 825378.
No serious chance for infection: uiiwspuu 834302.
No serious chance for infection: huhggvrf 852328.
No serious chance for infection: psruzxbp 856799.
No serious chance for infection: asqvqfps 861941.
No serious chance for infection: vqvlphtq 863945.
No serious chance for infection: dmsqyerr 873921.
No serious chance for infection: iwanhgph 879269.
No serious chance for infection: lnddyskc 896904.
No serious chance for infection: gpqfomuf 915007.
No serious chance for infection: rbsvgeob 916802.
No serious chance for infection: rmblfcbw 960724.
