Hospitalization Required: tcirvmyd 529108.
Hospitalization Required: jrmgngth 125706.
Hospitalization Required: pozfpqkl 218898.
Hospitalization Required: ekegjohl 932774.
Hospitalization Required: nkdikyqx 238409.
14-days-Quarantine Required: urtvgzqn 435113.
14-days-Quarantine Required: utehercz 587642.
14-days-Quarantine Required: ztwoolgh 522728.
14-days-Quarantine Required: lsboooll 306924.
14-days-Quarantine Required: dtpjslqz 858304.
14-days-Quarantine Required: bafxegea 634626.
14-days-Quarantine Required: jimvlbzf 789569.
14-days-Quarantine Required: oiaxbivd 119306.
14-days-Quarantine Required: tvvyfdyd 702955.
14-days-Quarantine Required: triwqbol 576693.
14-days-Quarantine Required: wohumuju 757284.
No serious chance for infection: cquxxzhy 925680.
No serious chance for infection: lcgozvvo 758452.
No serious chance for infection: uuubgems 553843.
No serious chance for infection: jqfanref 346194.
No serious chance for infection: pktrwvud 912178.
No serious chance for infection: hlykyyzx 991340.
No serious chance for infection: gtinfttf 786788.
No serious chance for infection: pdmwjyti 807525.
No serious chance for infection: apyorgvk 127735.
No serious chance for infection: lnaclmxx 726354.
No serious chance for infection: pdtkbrzx 746929.
No serious chance for infection: zidlnbzg 408882.
No serious chance for infection: vgjrxveb 770042.
No serious chance for infection: dlhbpbbr 374208.
No serious chance for infection: cfhmgiws 254329.
No serious chance for infection: vmlapvdx 495413.
No serious chance for infection: pocfqxxn 961891.
No serious chance for infection: gouhyktm 394623.
No serious chance for infection: tneajias 425735.
No serious chance for infection: bvzwvtqp 800336.
No serious chance for infection: ukyyoaqy 924377.
No serious chance for infection: xptmdwjx 667076.
No serious chance for infection: mcnjbntg 849481.
No serious chance for infection: pavjbaxg 849927.
No serious chance for infection: eghpncsi 732926.
No serious chance for infection: hsukxbgv 443841.
No serious chance for infection: cknfaonl 164271.
No serious chance for infection: bhvwytpz 473477.
No serious chance for infection: efdyvcdr 642899.
No serious chance for infection: smwwbvil 235468.
No serious chance for infection: eirltfgj 783730.
No serious chance for infection: rrxbaidk 240567.
No serious chance for infection: mutnujhf 269252.
No serious chance for infection: ukeynsth 351094.
No serious chance for infection: ebiftmht 212731.
No serious chance for infection: cnblyfsh 745145.
No serious chance for infection: wtaihnoc 122624.
No serious chance for infection: sguaozbr 134763.
No serious chance for infection: emqcilsk 150307.
No serious chance for infection: pfquvtrs 162120.
No serious chance for infection: arkcbuqs 173382.
No serious chance for infection: reysfsxm 176075.
No serious chance for infection: errzrneb 189942.
No serious chance for infection: cbqkynaz 200833.
No serious chance for infection: xnufmlis 226093.
No serious chance for infection: pmzffbsq 318602.
No serious chance for infection: xtdlgreo 321336.
No serious chance for infection: qnnhoahg 359201.
No serious chance for infection: jboakxfx 390353.
No serious chance for infection: brhlvmkt 390702.
No serious chance for infection: oyuycxvx 396165.
No serious chance for infection: okvfudvb 443394.
No serious chance for infection: uihectjz 479070.
No serious chance for infection: ewjgivzs 498068.
No serious chance for infection: rdcnnlpj 517893.
No serious chance for infection: hnpoqnin 548318.
No serious chance for infection: wpukrgod 589973.
No serious chance for infection: hdcudivu 594618.
No serious chance for infection: masvbqvt 603230.
No serious chance for infection: ntnqshef 632870.
No serious chance for infection: qajsrcka 637609.
No serious chance for infection: bnfxfdmk 646777.
No serious chance for infection: raqtrnqe 681892.
No serious chance for infection: rvuppqey 696332.
No serious chance for infection: uyuiqvcv 115678.
No serious chance for infection: xovgdswv 758671.
No serious chance for infection: lxkekxip 777610.
No serious chance for infection: ycagnbdv 784898.
No serious chance for infection: xuyrehhl 827312.
No serious chance for infection: uyzvrgtb 839929.
No serious chance for infection: pjzzcaos 863405.
No serious chance for infection: kmdokkju 881630.
No serious chance for infection: oadccycy 894801.
No serious chance for infection: ogzkbyfw 918697.
No serious chance for infection: qiqfigqd 919512.
No serious chance for infection: xcpeqsmh 937857.
No serious chance for infection: iwmzoafp 939509.
No serious chance for infection: qbiavdzw 941975.
No serious chance for infection: ngjlplno 943711.
No serious chance for infection: vyyoxgwb 953316.
No serious chance for infection: jkqxpsex 955078.
No serious chance for infection: vmlaupfa 964831.
No serious chance for infection: fiwwwhbf 964989.
No serious chance for infection: nxiesasv 965460.
